2022-04-21 13:57:09.458  INFO 18984 --- [restartedMain] com.gemiso.zodiac.Application            : Starting Application using Java 1.8.0_281 on LAPTOP-58DF9G2H with PID 18984 (D:\zodiac_v2\build\classes\java\main started by JOOWAN PYO in D:\zodiac_v2)
2022-04-21 13:57:09.460  INFO 18984 --- [restartedMain] com.gemiso.zodiac.Application            : No active profile set, falling back to default profiles: default
2022-04-21 13:57:09.498  INFO 18984 --- [restartedMain] o.s.b.devtools.restart.ChangeableUrls    : The Class-Path manifest attribute in C:\Users\JOOWAN PYO\.gradle\caches\modules-2\files-2.1\com.oracle.database.jdbc\ojdbc8\21.1.0.0\50044485aea10afd7defeee8109c5195b4d3cae2\ojdbc8-21.1.0.0.jar referenced one or more files that do not exist: file:/C:/Users/JOOWAN%20PYO/.gradle/caches/modules-2/files-2.1/com.oracle.database.jdbc/ojdbc8/21.1.0.0/50044485aea10afd7defeee8109c5195b4d3cae2/oraclepki.jar
2022-04-21 13:57:09.499  INFO 18984 --- [restartedMain] .e.DevToolsPropertyDefaultsPostProcessor : Devtools property defaults active! Set 'spring.devtools.add-properties' to 'false' to disable
2022-04-21 13:57:09.499  INFO 18984 --- [restartedMain] .e.DevToolsPropertyDefaultsPostProcessor : For additional web related logging consider setting the 'logging.level.web' property to 'DEBUG'
2022-04-21 13:57:10.652  INFO 18984 --- [restartedMain] .s.d.r.c.RepositoryConfigurationDelegate : Bootstrapping Spring Data JPA repositories in DEFAULT mode.
2022-04-21 13:57:11.027  INFO 18984 --- [restartedMain] .s.d.r.c.RepositoryConfigurationDelegate : Finished Spring Data repository scanning in 367 ms. Found 55 JPA repository interfaces.
2022-04-21 13:57:11.027  INFO 18984 --- [restartedMain] .s.d.r.c.RepositoryConfigurationDelegate : Bootstrapping Spring Data JPA repositories in DEFAULT mode.
2022-04-21 13:57:11.033  INFO 18984 --- [restartedMain] .s.d.r.c.RepositoryConfigurationDelegate : Finished Spring Data repository scanning in 5 ms. Found 2 JPA repository interfaces.
2022-04-21 13:57:12.195  INFO 18984 --- [restartedMain] o.s.b.w.embedded.tomcat.TomcatWebServer  : Tomcat initialized with port(s): 8080 (http)
2022-04-21 13:57:12.215  INFO 18984 --- [restartedMain] o.apache.catalina.core.StandardService   : Starting service [Tomcat]
2022-04-21 13:57:12.216  INFO 18984 --- [restartedMain] org.apache.catalina.core.StandardEngine  : Starting Servlet engine: [Apache Tomcat/9.0.50]
2022-04-21 13:57:12.411  INFO 18984 --- [restartedMain] o.a.c.c.C.[Tomcat].[localhost].[/api]    : Initializing Spring embedded WebApplicationContext
2022-04-21 13:57:12.411  INFO 18984 --- [restartedMain] w.s.c.ServletWebServerApplicationContext : Root WebApplicationContext: initialization completed in 2911 ms
2022-04-21 13:57:12.685  INFO 18984 --- [restartedMain] o.hibernate.jpa.internal.util.LogHelper  : HHH000204: Processing PersistenceUnitInfo [name: main]
2022-04-21 13:57:12.744  INFO 18984 --- [restartedMain] org.hibernate.Version                    : HHH000412: Hibernate ORM core version 5.4.32.Final
2022-04-21 13:57:12.894  INFO 18984 --- [restartedMain] o.hibernate.annotations.common.Version   : HCANN000001: Hibernate Commons Annotations {5.1.2.Final}
2022-04-21 13:57:13.587  INFO 18984 --- [restartedMain] com.zaxxer.hikari.HikariDataSource       : HikariPool-1 - Starting...
2022-04-21 13:57:13.663  INFO 18984 --- [restartedMain] com.zaxxer.hikari.HikariDataSource       : HikariPool-1 - Start completed.
2022-04-21 13:57:13.696  INFO 18984 --- [restartedMain] org.hibernate.dialect.Dialect            : HHH000400: Using dialect: org.hibernate.dialect.PostgreSQL95Dialect
2022-04-21 13:57:14.113  WARN 18984 --- [restartedMain] Hibernate Types                          : You should use Hypersistence Optimizer to speed up your Hibernate application!
2022-04-21 13:57:14.113  WARN 18984 --- [restartedMain] Hibernate Types                          : For more details, go to https://vladmihalcea.com/hypersistence-optimizer/
2022-04-21 13:57:14.113  INFO 18984 --- [restartedMain] Hibernate Types                          : 
 _    _                           _     _
| |  | |                         (_)   | |
| |__| |_   _ _ __   ___ _ __ ___ _ ___| |_ ___ _ __   ___ ___
|  __  | | | | '_ \ / _ \ '__/ __| / __| __/ _ \ '_ \ / __/ _ \
| |  | | |_| | |_) |  __/ |  \__ \ \__ \ ||  __/ | | | (_|  __/
|_|  |_|\__, | .__/ \___|_|  |___/_|___/\__\___|_| |_|\___\___|
         __/ | |
        |___/|_|

           ____        _   _           _
          / __ \      | | (_)         (_)
         | |  | |_ __ | |_ _ _ __ ___  _ _______ _ __
         | |  | | '_ \| __| | '_ ` _ \| |_  / _ \ '__|
         | |__| | |_) | |_| | | | | | | |/ /  __/ |
          \____/| .__/ \__|_|_| |_| |_|_/___\___|_|
                | |
                |_|

2022-04-21 13:57:14.113  INFO 18984 --- [restartedMain] Hibernate Types                          : Check out the README page for more info about the Hypersistence Optimizer banner https://github.com/vladmihalcea/hibernate-types#how-to-remove-the-hypersistence-optimizer-banner-from-the-log
2022-04-21 13:57:15.464  INFO 18984 --- [restartedMain] o.h.e.t.j.p.i.JtaPlatformInitiator       : HHH000490: Using JtaPlatform implementation: [org.hibernate.engine.transaction.jta.platform.internal.NoJtaPlatform]
2022-04-21 13:57:15.474  INFO 18984 --- [restartedMain] j.LocalContainerEntityManagerFactoryBean : Initialized JPA EntityManagerFactory for persistence unit 'main'
2022-04-21 13:57:15.526  INFO 18984 --- [restartedMain] o.hibernate.jpa.internal.util.LogHelper  : HHH000204: Processing PersistenceUnitInfo [name: sub]
2022-04-21 13:57:15.926  INFO 18984 --- [restartedMain] com.zaxxer.hikari.HikariDataSource       : HikariPool-2 - Starting...
2022-04-21 13:57:17.348  INFO 18984 --- [restartedMain] com.zaxxer.hikari.HikariDataSource       : HikariPool-2 - Start completed.
2022-04-21 13:57:17.352  INFO 18984 --- [restartedMain] org.hibernate.dialect.Dialect            : HHH000400: Using dialect: org.hibernate.dialect.Oracle12cDialect
2022-04-21 13:57:17.608  WARN 18984 --- [restartedMain] org.hibernate.mapping.RootClass          : HHH000038: Composite-id class does not override equals(): com.gemiso.zodiac.core.mis.MisUserId
2022-04-21 13:57:17.608  WARN 18984 --- [restartedMain] org.hibernate.mapping.RootClass          : HHH000039: Composite-id class does not override hashCode(): com.gemiso.zodiac.core.mis.MisUserId
2022-04-21 13:57:17.609  WARN 18984 --- [restartedMain] org.hibernate.mapping.RootClass          : HHH000038: Composite-id class does not override equals(): com.gemiso.zodiac.core.mis.MisDeptId
2022-04-21 13:57:17.609  WARN 18984 --- [restartedMain] org.hibernate.mapping.RootClass          : HHH000039: Composite-id class does not override hashCode(): com.gemiso.zodiac.core.mis.MisDeptId
2022-04-21 13:57:17.643  INFO 18984 --- [restartedMain] o.h.e.t.j.p.i.JtaPlatformInitiator       : HHH000490: Using JtaPlatform implementation: [org.hibernate.engine.transaction.jta.platform.internal.NoJtaPlatform]
2022-04-21 13:57:17.644  INFO 18984 --- [restartedMain] j.LocalContainerEntityManagerFactoryBean : Initialized JPA EntityManagerFactory for persistence unit 'sub'
2022-04-21 13:57:23.171  WARN 18984 --- [restartedMain] JpaBaseConfiguration$JpaWebConfiguration : spring.jpa.open-in-view is enabled by default. Therefore, database queries may be performed during view rendering. Explicitly configure spring.jpa.open-in-view to disable this warning
2022-04-21 13:57:23.684  INFO 18984 --- [restartedMain] .s.s.UserDetailsServiceAutoConfiguration : 

Using generated security password: cff0150a-de8a-40b0-8244-ed945f52ec5c

2022-04-21 13:57:23.723  INFO 18984 --- [restartedMain] o.s.s.web.DefaultSecurityFilterChain     : Will secure Ant [pattern='/swagger-ui.html'] with []
2022-04-21 13:57:23.723  INFO 18984 --- [restartedMain] o.s.s.web.DefaultSecurityFilterChain     : Will secure Ant [pattern='/swagger-ui/**'] with []
2022-04-21 13:57:23.723  INFO 18984 --- [restartedMain] o.s.s.web.DefaultSecurityFilterChain     : Will secure Ant [pattern='/api-docs'] with []
2022-04-21 13:57:23.723  INFO 18984 --- [restartedMain] o.s.s.web.DefaultSecurityFilterChain     : Will secure Ant [pattern='/api-docs/**, /v3/api-docs'] with []
2022-04-21 13:57:23.743  INFO 18984 --- [restartedMain] o.s.s.web.DefaultSecurityFilterChain     : Will secure any request with [org.springframework.security.web.context.request.async.WebAsyncManagerIntegrationFilter@6e54d490, org.springframework.security.web.context.SecurityContextPersistenceFilter@1fd0566b, org.springframework.security.web.header.HeaderWriterFilter@40566980, org.springframework.security.web.authentication.logout.LogoutFilter@77da28c9, org.springframework.security.web.savedrequest.RequestCacheAwareFilter@56db2288, org.springframework.security.web.servletapi.SecurityContextHolderAwareRequestFilter@41e82ff, org.springframework.security.web.authentication.AnonymousAuthenticationFilter@33a1a1db, org.springframework.security.web.session.SessionManagementFilter@4999bf8d, org.springframework.security.web.access.ExceptionTranslationFilter@21a4957e, org.springframework.security.web.access.intercept.FilterSecurityInterceptor@540199a1]
2022-04-21 13:57:23.913  INFO 18984 --- [restartedMain] o.s.b.d.a.OptionalLiveReloadServer       : LiveReload server is running on port 35729
2022-04-21 13:57:24.308  INFO 18984 --- [restartedMain] o.s.b.w.embedded.tomcat.TomcatWebServer  : Tomcat started on port(s): 8080 (http) with context path '/api'
2022-04-21 13:57:26.942  INFO 18984 --- [restartedMain] com.gemiso.zodiac.Application            : Started Application in 17.766 seconds (JVM running for 20.479)
2022-04-21 13:58:38.637  INFO 18984 --- [http-nio-8080-exec-1] o.a.c.c.C.[Tomcat].[localhost].[/api]    : Initializing Spring DispatcherServlet 'dispatcherServlet'
2022-04-21 13:58:38.637  INFO 18984 --- [http-nio-8080-exec-1] o.s.web.servlet.DispatcherServlet        : Initializing Servlet 'dispatcherServlet'
2022-04-21 13:58:38.639  INFO 18984 --- [http-nio-8080-exec-1] o.s.web.servlet.DispatcherServlet        : Completed initialization in 2 ms
2022-04-21 13:58:38.978  WARN 18984 --- [http-nio-8080-exec-1] .m.m.a.ExceptionHandlerExceptionResolver : Resolved [javax.persistence.EntityNotFoundException: Unable to find com.gemiso.zodiac.app.article.Article with id 1556]
