2022-04-21 14:05:17.071  INFO 28108 --- [restartedMain] com.gemiso.zodiac.Application            : Starting Application using Java 1.8.0_281 on LAPTOP-58DF9G2H with PID 28108 (D:\zodiac_v2\build\classes\java\main started by JOOWAN PYO in D:\zodiac_v2)
2022-04-21 14:05:17.073  INFO 28108 --- [restartedMain] com.gemiso.zodiac.Application            : No active profile set, falling back to default profiles: default
2022-04-21 14:05:17.126  INFO 28108 --- [restartedMain] o.s.b.devtools.restart.ChangeableUrls    : The Class-Path manifest attribute in C:\Users\JOOWAN PYO\.gradle\caches\modules-2\files-2.1\com.oracle.database.jdbc\ojdbc8\21.1.0.0\50044485aea10afd7defeee8109c5195b4d3cae2\ojdbc8-21.1.0.0.jar referenced one or more files that do not exist: file:/C:/Users/JOOWAN%20PYO/.gradle/caches/modules-2/files-2.1/com.oracle.database.jdbc/ojdbc8/21.1.0.0/50044485aea10afd7defeee8109c5195b4d3cae2/oraclepki.jar
2022-04-21 14:05:17.135  INFO 28108 --- [restartedMain] .e.DevToolsPropertyDefaultsPostProcessor : Devtools property defaults active! Set 'spring.devtools.add-properties' to 'false' to disable
2022-04-21 14:05:17.136  INFO 28108 --- [restartedMain] .e.DevToolsPropertyDefaultsPostProcessor : For additional web related logging consider setting the 'logging.level.web' property to 'DEBUG'
2022-04-21 14:05:18.579  INFO 28108 --- [restartedMain] .s.d.r.c.RepositoryConfigurationDelegate : Bootstrapping Spring Data JPA repositories in DEFAULT mode.
2022-04-21 14:05:19.108  INFO 28108 --- [restartedMain] .s.d.r.c.RepositoryConfigurationDelegate : Finished Spring Data repository scanning in 515 ms. Found 55 JPA repository interfaces.
2022-04-21 14:05:19.109  INFO 28108 --- [restartedMain] .s.d.r.c.RepositoryConfigurationDelegate : Bootstrapping Spring Data JPA repositories in DEFAULT mode.
2022-04-21 14:05:19.117  INFO 28108 --- [restartedMain] .s.d.r.c.RepositoryConfigurationDelegate : Finished Spring Data repository scanning in 8 ms. Found 2 JPA repository interfaces.
2022-04-21 14:05:20.322  INFO 28108 --- [restartedMain] o.s.b.w.embedded.tomcat.TomcatWebServer  : Tomcat initialized with port(s): 8080 (http)
2022-04-21 14:05:20.331  INFO 28108 --- [restartedMain] o.apache.catalina.core.StandardService   : Starting service [Tomcat]
2022-04-21 14:05:20.332  INFO 28108 --- [restartedMain] org.apache.catalina.core.StandardEngine  : Starting Servlet engine: [Apache Tomcat/9.0.50]
2022-04-21 14:05:20.502  INFO 28108 --- [restartedMain] o.a.c.c.C.[Tomcat].[localhost].[/api]    : Initializing Spring embedded WebApplicationContext
2022-04-21 14:05:20.503  INFO 28108 --- [restartedMain] w.s.c.ServletWebServerApplicationContext : Root WebApplicationContext: initialization completed in 3367 ms
2022-04-21 14:05:20.787  INFO 28108 --- [restartedMain] o.hibernate.jpa.internal.util.LogHelper  : HHH000204: Processing PersistenceUnitInfo [name: main]
2022-04-21 14:05:20.834  INFO 28108 --- [restartedMain] org.hibernate.Version                    : HHH000412: Hibernate ORM core version 5.4.32.Final
2022-04-21 14:05:20.959  INFO 28108 --- [restartedMain] o.hibernate.annotations.common.Version   : HCANN000001: Hibernate Commons Annotations {5.1.2.Final}
2022-04-21 14:05:21.563  INFO 28108 --- [restartedMain] com.zaxxer.hikari.HikariDataSource       : HikariPool-1 - Starting...
2022-04-21 14:05:21.650  INFO 28108 --- [restartedMain] com.zaxxer.hikari.HikariDataSource       : HikariPool-1 - Start completed.
2022-04-21 14:05:21.672  INFO 28108 --- [restartedMain] org.hibernate.dialect.Dialect            : HHH000400: Using dialect: org.hibernate.dialect.PostgreSQL95Dialect
2022-04-21 14:05:22.062  WARN 28108 --- [restartedMain] Hibernate Types                          : You should use Hypersistence Optimizer to speed up your Hibernate application!
2022-04-21 14:05:22.062  WARN 28108 --- [restartedMain] Hibernate Types                          : For more details, go to https://vladmihalcea.com/hypersistence-optimizer/
2022-04-21 14:05:22.062  INFO 28108 --- [restartedMain] Hibernate Types                          : 
 _    _                           _     _
| |  | |                         (_)   | |
| |__| |_   _ _ __   ___ _ __ ___ _ ___| |_ ___ _ __   ___ ___
|  __  | | | | '_ \ / _ \ '__/ __| / __| __/ _ \ '_ \ / __/ _ \
| |  | | |_| | |_) |  __/ |  \__ \ \__ \ ||  __/ | | | (_|  __/
|_|  |_|\__, | .__/ \___|_|  |___/_|___/\__\___|_| |_|\___\___|
         __/ | |
        |___/|_|

           ____        _   _           _
          / __ \      | | (_)         (_)
         | |  | |_ __ | |_ _ _ __ ___  _ _______ _ __
         | |  | | '_ \| __| | '_ ` _ \| |_  / _ \ '__|
         | |__| | |_) | |_| | | | | | | |/ /  __/ |
          \____/| .__/ \__|_|_| |_| |_|_/___\___|_|
                | |
                |_|

2022-04-21 14:05:22.062  INFO 28108 --- [restartedMain] Hibernate Types                          : Check out the README page for more info about the Hypersistence Optimizer banner https://github.com/vladmihalcea/hibernate-types#how-to-remove-the-hypersistence-optimizer-banner-from-the-log
2022-04-21 14:05:23.218  INFO 28108 --- [restartedMain] o.h.e.t.j.p.i.JtaPlatformInitiator       : HHH000490: Using JtaPlatform implementation: [org.hibernate.engine.transaction.jta.platform.internal.NoJtaPlatform]
2022-04-21 14:05:23.229  INFO 28108 --- [restartedMain] j.LocalContainerEntityManagerFactoryBean : Initialized JPA EntityManagerFactory for persistence unit 'main'
2022-04-21 14:05:23.287  INFO 28108 --- [restartedMain] o.hibernate.jpa.internal.util.LogHelper  : HHH000204: Processing PersistenceUnitInfo [name: sub]
2022-04-21 14:05:23.669  INFO 28108 --- [restartedMain] com.zaxxer.hikari.HikariDataSource       : HikariPool-2 - Starting...
2022-04-21 14:05:24.892  INFO 28108 --- [restartedMain] com.zaxxer.hikari.HikariDataSource       : HikariPool-2 - Start completed.
2022-04-21 14:05:24.896  INFO 28108 --- [restartedMain] org.hibernate.dialect.Dialect            : HHH000400: Using dialect: org.hibernate.dialect.Oracle12cDialect
2022-04-21 14:05:25.122  WARN 28108 --- [restartedMain] org.hibernate.mapping.RootClass          : HHH000038: Composite-id class does not override equals(): com.gemiso.zodiac.core.mis.MisUserId
2022-04-21 14:05:25.122  WARN 28108 --- [restartedMain] org.hibernate.mapping.RootClass          : HHH000039: Composite-id class does not override hashCode(): com.gemiso.zodiac.core.mis.MisUserId
2022-04-21 14:05:25.123  WARN 28108 --- [restartedMain] org.hibernate.mapping.RootClass          : HHH000038: Composite-id class does not override equals(): com.gemiso.zodiac.core.mis.MisDeptId
2022-04-21 14:05:25.123  WARN 28108 --- [restartedMain] org.hibernate.mapping.RootClass          : HHH000039: Composite-id class does not override hashCode(): com.gemiso.zodiac.core.mis.MisDeptId
2022-04-21 14:05:25.159  INFO 28108 --- [restartedMain] o.h.e.t.j.p.i.JtaPlatformInitiator       : HHH000490: Using JtaPlatform implementation: [org.hibernate.engine.transaction.jta.platform.internal.NoJtaPlatform]
2022-04-21 14:05:25.159  INFO 28108 --- [restartedMain] j.LocalContainerEntityManagerFactoryBean : Initialized JPA EntityManagerFactory for persistence unit 'sub'
2022-04-21 14:05:31.712  WARN 28108 --- [restartedMain] JpaBaseConfiguration$JpaWebConfiguration : spring.jpa.open-in-view is enabled by default. Therefore, database queries may be performed during view rendering. Explicitly configure spring.jpa.open-in-view to disable this warning
2022-04-21 14:05:32.288  INFO 28108 --- [restartedMain] .s.s.UserDetailsServiceAutoConfiguration : 

Using generated security password: 90fdd1f2-1c6c-44a8-b40e-9e5fbaf0c932

2022-04-21 14:05:32.341  INFO 28108 --- [restartedMain] o.s.s.web.DefaultSecurityFilterChain     : Will secure Ant [pattern='/swagger-ui.html'] with []
2022-04-21 14:05:32.341  INFO 28108 --- [restartedMain] o.s.s.web.DefaultSecurityFilterChain     : Will secure Ant [pattern='/swagger-ui/**'] with []
2022-04-21 14:05:32.341  INFO 28108 --- [restartedMain] o.s.s.web.DefaultSecurityFilterChain     : Will secure Ant [pattern='/api-docs'] with []
2022-04-21 14:05:32.341  INFO 28108 --- [restartedMain] o.s.s.web.DefaultSecurityFilterChain     : Will secure Ant [pattern='/api-docs/**, /v3/api-docs'] with []
2022-04-21 14:05:32.368  INFO 28108 --- [restartedMain] o.s.s.web.DefaultSecurityFilterChain     : Will secure any request with [org.springframework.security.web.context.request.async.WebAsyncManagerIntegrationFilter@6535e87f, org.springframework.security.web.context.SecurityContextPersistenceFilter@7a5e33bc, org.springframework.security.web.header.HeaderWriterFilter@4546fd7b, org.springframework.security.web.authentication.logout.LogoutFilter@a5dafa, org.springframework.security.web.savedrequest.RequestCacheAwareFilter@69b9770a, org.springframework.security.web.servletapi.SecurityContextHolderAwareRequestFilter@33b8ceea, org.springframework.security.web.authentication.AnonymousAuthenticationFilter@2f1fe847, org.springframework.security.web.session.SessionManagementFilter@dfe7b04, org.springframework.security.web.access.ExceptionTranslationFilter@36158e5, org.springframework.security.web.access.intercept.FilterSecurityInterceptor@c26f4e2]
2022-04-21 14:05:32.542  INFO 28108 --- [restartedMain] o.s.b.d.a.OptionalLiveReloadServer       : LiveReload server is running on port 35729
2022-04-21 14:05:32.925  INFO 28108 --- [restartedMain] o.s.b.w.embedded.tomcat.TomcatWebServer  : Tomcat started on port(s): 8080 (http) with context path '/api'
2022-04-21 14:05:35.788  INFO 28108 --- [restartedMain] com.gemiso.zodiac.Application            : Started Application in 19.065 seconds (JVM running for 21.665)
2022-04-21 14:11:09.437  INFO 28108 --- [SpringApplicationShutdownHook] j.LocalContainerEntityManagerFactoryBean : Closing JPA EntityManagerFactory for persistence unit 'sub'
2022-04-21 14:11:09.438  INFO 28108 --- [SpringApplicationShutdownHook] com.zaxxer.hikari.HikariDataSource       : HikariPool-2 - Shutdown initiated...
2022-04-21 14:11:09.454  INFO 28108 --- [SpringApplicationShutdownHook] com.zaxxer.hikari.HikariDataSource       : HikariPool-2 - Shutdown completed.
2022-04-21 14:11:09.454  INFO 28108 --- [SpringApplicationShutdownHook] j.LocalContainerEntityManagerFactoryBean : Closing JPA EntityManagerFactory for persistence unit 'main'
2022-04-21 14:11:09.455  INFO 28108 --- [SpringApplicationShutdownHook] com.zaxxer.hikari.HikariDataSource       : HikariPool-1 - Shutdown initiated...
2022-04-21 14:11:09.457  INFO 28108 --- [SpringApplicationShutdownHook] com.zaxxer.hikari.HikariDataSource       : HikariPool-1 - Shutdown completed.
